[INFO] Scanning for projects...
[INFO] 
[INFO] ---------------------< tn.recruti:recruti-backend >---------------------
[INFO] Building recruti_backend 0.0.1-SNAPSHOT
[INFO]   from pom.xml
[INFO] --------------------------------[ jar ]---------------------------------
[INFO] 
[INFO] >>> spring-boot:4.0.3:run (default-cli) > test-compile @ recruti-backend >>>
[INFO] 
[INFO] --- resources:3.3.1:resources (default-resources) @ recruti-backend ---
[INFO] Copying 1 resource from src\main\resources to target\classes
[INFO] Copying 1 resource from src\main\resources to target\classes
[INFO] 
[INFO] --- compiler:3.14.1:compile (default-compile) @ recruti-backend ---
[INFO] Nothing to compile - all classes are up to date.
[INFO] 
[INFO] --- resources:3.3.1:testResources (default-testResources) @ recruti-backend ---
[INFO] skip non existing resourceDirectory C:\Users\moham\Desktop\PFA\Recruti-tn\src\backend\recruti_backend\src\test\resources
[INFO] 
[INFO] --- compiler:3.14.1:testCompile (default-testCompile) @ recruti-backend ---
[INFO] Nothing to compile - all classes are up to date.
[INFO] 
[INFO] <<< spring-boot:4.0.3:run (default-cli) < test-compile @ recruti-backend <<<
[INFO] 
[INFO] 
[INFO] --- spring-boot:4.0.3:run (default-cli) @ recruti-backend ---
[INFO] Attaching agents: []

  .   ____          _            __ _ _
 /\\ / ___'_ __ _ _(_)_ __  __ _ \ \ \ \
( ( )\___ | '_ | '_| | '_ \/ _` | \ \ \ \
 \\/  ___)| |_)| | | | | || (_| |  ) ) ) )
  '  |____| .__|_| |_|_| |_\__, | / / / /
 =========|_|==============|___/=/_/_/_/

 :: Spring Boot ::                (v4.0.3)

2026-04-18T22:33:42.256+01:00  INFO 35852 --- [recruti_backend] [  restartedMain] t.r.r.RecrutiBackendApplication          : Starting RecrutiBackendApplication using Java 24 with PID 35852 (C:\Users\moham\Desktop\PFA\Recruti-tn\src\backend\recruti_backend\target\classes started by moham in C:\Users\moham\Desktop\PFA\Recruti-tn\src\backend\recruti_backend)
2026-04-18T22:33:42.262+01:00  INFO 35852 --- [recruti_backend] [  restartedMain] t.r.r.RecrutiBackendApplication          : No active profile set, falling back to 1 default profile: "default"
2026-04-18T22:33:42.325+01:00  INFO 35852 --- [recruti_backend] [  restartedMain] .e.DevToolsPropertyDefaultsPostProcessor : Devtools property defaults active! Set 'spring.devtools.add-properties' to 'false' to disable
2026-04-18T22:33:42.325+01:00  INFO 35852 --- [recruti_backend] [  restartedMain] .e.DevToolsPropertyDefaultsPostProcessor : For additional web related logging consider setting the 'logging.level.web' property to 'DEBUG'
2026-04-18T22:33:43.281+01:00  INFO 35852 --- [recruti_backend] [  restartedMain] .s.d.r.c.RepositoryConfigurationDelegate : Bootstrapping Spring Data JPA repositories in DEFAULT mode.
2026-04-18T22:33:43.358+01:00  INFO 35852 --- [recruti_backend] [  restartedMain] .s.d.r.c.RepositoryConfigurationDelegate : Finished Spring Data repository scanning in 67 ms. Found 8 JPA repository interfaces.
2026-04-18T22:33:44.107+01:00  INFO 35852 --- [recruti_backend] [  restartedMain] o.s.boot.tomcat.TomcatWebServer          : Tomcat initialized with port 8082 (http)
2026-04-18T22:33:44.124+01:00  INFO 35852 --- [recruti_backend] [  restartedMain] o.apache.catalina.core.StandardService   : Starting service [Tomcat]
2026-04-18T22:33:44.125+01:00  INFO 35852 --- [recruti_backend] [  restartedMain] o.apache.catalina.core.StandardEngine    : Starting Servlet engine: [Apache Tomcat/11.0.18]
2026-04-18T22:33:44.213+01:00  INFO 35852 --- [recruti_backend] [  restartedMain] b.w.c.s.WebApplicationContextInitializer : Root WebApplicationContext: initialization completed in 1887 ms
2026-04-18T22:33:44.737+01:00  INFO 35852 --- [recruti_backend] [  restartedMain] org.hibernate.orm.jpa                    : HHH008540: Processing PersistenceUnitInfo [name: default]
2026-04-18T22:33:44.868+01:00  INFO 35852 --- [recruti_backend] [  restartedMain] org.hibernate.orm.core                   : HHH000001: Hibernate ORM core version 7.2.4.Final
2026-04-18T22:33:45.983+01:00  INFO 35852 --- [recruti_backend] [  restartedMain] o.s.o.j.p.SpringPersistenceUnitInfo      : No LoadTimeWeaver setup: ignoring JPA class transformer
2026-04-18T22:33:46.065+01:00  INFO 35852 --- [recruti_backend] [  restartedMain] com.zaxxer.hikari.HikariDataSource       : HikariPool-1 - Starting...
2026-04-18T22:33:46.924+01:00  INFO 35852 --- [recruti_backend] [  restartedMain] com.zaxxer.hikari.pool.HikariPool        : HikariPool-1 - Added connection com.mysql.cj.jdbc.ConnectionImpl@22ff03e
2026-04-18T22:33:46.929+01:00  INFO 35852 --- [recruti_backend] [  restartedMain] com.zaxxer.hikari.HikariDataSource       : HikariPool-1 - Start completed.
2026-04-18T22:33:47.126+01:00  INFO 35852 --- [recruti_backend] [  restartedMain] org.hibernate.orm.connections.pooling    : HHH10001005: Database info:
	Database JDBC URL [jdbc:mysql://127.0.0.1:3306/springBase]
	Database driver: MySQL Connector/J
	Database dialect: MySQLDialect
	Database version: 8.0.41
	Default catalog/schema: springBase/undefined
	Autocommit mode: undefined/unknown
	Isolation level: REPEATABLE_READ [default REPEATABLE_READ]
	JDBC fetch size: none
	Pool: DataSourceConnectionProvider
	Minimum pool size: undefined/unknown
	Maximum pool size: undefined/unknown
2026-04-18T22:33:49.589+01:00  INFO 35852 --- [recruti_backend] [  restartedMain] org.hibernate.orm.core                   : HHH000489: No JTA platform available (set 'hibernate.transaction.jta.platform' to enable JTA platform integration)
2026-04-18T22:33:49.735+01:00  INFO 35852 --- [recruti_backend] [  restartedMain] j.LocalContainerEntityManagerFactoryBean : Initialized JPA EntityManagerFactory for persistence unit 'default'
2026-04-18T22:33:49.891+01:00  INFO 35852 --- [recruti_backend] [  restartedMain] o.s.d.j.r.query.QueryEnhancerFactories   : Hibernate is in classpath; If applicable, HQL parser will be used.
2026-04-18T22:33:50.472+01:00  INFO 35852 --- [recruti_backend] [  restartedMain] r$InitializeUserDetailsManagerConfigurer : Global AuthenticationManager configured with UserDetailsService bean with name userDetailsServiceImpl
2026-04-18T22:33:52.400+01:00  WARN 35852 --- [recruti_backend] [  restartedMain] JpaBaseConfiguration$JpaWebConfiguration : spring.jpa.open-in-view is enabled by default. Therefore, database queries may be performed during view rendering. Explicitly configure spring.jpa.open-in-view to disable this warning
2026-04-18T22:33:53.638+01:00  INFO 35852 --- [recruti_backend] [  restartedMain] o.s.boot.tomcat.TomcatWebServer          : Tomcat started on port 8082 (http) with context path '/'
2026-04-18T22:33:53.648+01:00  INFO 35852 --- [recruti_backend] [  restartedMain] t.r.r.RecrutiBackendApplication          : Started RecrutiBackendApplication in 11.885 seconds (process running for 12.49)
2026-04-18T22:34:22.459+01:00  INFO 35852 --- [recruti_backend] [nio-8082-exec-1] o.a.c.c.C.[Tomcat].[localhost].[/]       : Initializing Spring DispatcherServlet 'dispatcherServlet'
2026-04-18T22:34:22.459+01:00  INFO 35852 --- [recruti_backend] [nio-8082-exec-1] o.s.web.servlet.DispatcherServlet        : Initializing Servlet 'dispatcherServlet'
2026-04-18T22:34:22.461+01:00  INFO 35852 --- [recruti_backend] [nio-8082-exec-1] o.s.web.servlet.DispatcherServlet        : Completed initialization in 2 ms
Hibernate: 
    select
        o1_0.id,
        o1_0.available,
        o1_0.date_emission,
        o1_0.description,
        o1_0.quiz_id,
        o1_0.recruteur_id,
        o1_0.tags,
        o1_0.titre 
    from
        offres o1_0 
    order by
        o1_0.date_emission desc 
    limit
        ?, ?
Hibernate: 
    select
        q1_0.id,
        q1_0.contenu,
        o1_0.id,
        o1_0.available,
        o1_0.date_emission,
        o1_0.description,
        r1_0.id,
        r1_0.cv_generique,
        r1_0.date_naissance,
        r1_0.email,
        r1_0.gouvernorat,
        r1_0.nom,
        r1_0.nom_societe,
        r1_0.password,
        r1_0.poste,
        r1_0.prenom,
        r1_0.role,
        r1_0.sexe,
        r1_0.skills,
        o1_0.tags,
        o1_0.titre,
        q1_0.vraies_reponses 
    from
        quiz q1_0 
    left join
        offres o1_0 
            on q1_0.id=o1_0.quiz_id 
    left join
        users r1_0 
            on r1_0.id=o1_0.recruteur_id 
    where
        q1_0.id=?
Hibernate: 
    select
        count(o1_0.id) 
    from
        offres o1_0
Hibernate: 
    select
        o1_0.id,
        o1_0.available,
        o1_0.date_emission,
        o1_0.description,
        q1_0.id,
        q1_0.contenu,
        q1_0.vraies_reponses,
        r1_0.id,
        r1_0.cv_generique,
        r1_0.date_naissance,
        r1_0.email,
        r1_0.gouvernorat,
        r1_0.nom,
        r1_0.nom_societe,
        r1_0.password,
        r1_0.poste,
        r1_0.prenom,
        r1_0.role,
        r1_0.sexe,
        r1_0.skills,
        o1_0.tags,
        o1_0.titre 
    from
        offres o1_0 
    left join
        quiz q1_0 
            on q1_0.id=o1_0.quiz_id 
    left join
        users r1_0 
            on r1_0.id=o1_0.recruteur_id 
    where
        o1_0.id=?
2026-04-18T22:35:02.881+01:00  INFO 35852 --- [recruti_backend] [   File Watcher] rtingClassPathChangeChangedEventListener : Restarting due to 1 class path change (0 additions, 0 deletions, 1 modification)
2026-04-18T22:35:02.888+01:00  INFO 35852 --- [recruti_backend] [       Thread-1] o.s.boot.tomcat.GracefulShutdown         : Commencing graceful shutdown. Waiting for active requests to complete
2026-04-18T22:35:02.900+01:00  INFO 35852 --- [recruti_backend] [tomcat-shutdown] o.s.boot.tomcat.GracefulShutdown         : Graceful shutdown complete
2026-04-18T22:35:02.908+01:00  INFO 35852 --- [recruti_backend] [       Thread-1] j.LocalContainerEntityManagerFactoryBean : Closing JPA EntityManagerFactory for persistence unit 'default'
2026-04-18T22:35:02.914+01:00  INFO 35852 --- [recruti_backend] [       Thread-1] com.zaxxer.hikari.HikariDataSource       : HikariPool-1 - Shutdown initiated...
2026-04-18T22:35:02.924+01:00  INFO 35852 --- [recruti_backend] [       Thread-1] com.zaxxer.hikari.HikariDataSource       : HikariPool-1 - Shutdown completed.

  .   ____          _            __ _ _
 /\\ / ___'_ __ _ _(_)_ __  __ _ \ \ \ \
( ( )\___ | '_ | '_| | '_ \/ _` | \ \ \ \
 \\/  ___)| |_)| | | | | || (_| |  ) ) ) )
  '  |____| .__|_| |_|_| |_\__, | / / / /
 =========|_|==============|___/=/_/_/_/

 :: Spring Boot ::                (v4.0.3)

2026-04-18T22:35:03.118+01:00  INFO 35852 --- [recruti_backend] [  restartedMain] t.r.r.RecrutiBackendApplication          : Starting RecrutiBackendApplication using Java 24 with PID 35852 (C:\Users\moham\Desktop\PFA\Recruti-tn\src\backend\recruti_backend\target\classes started by moham in C:\Users\moham\Desktop\PFA\Recruti-tn\src\backend\recruti_backend)
2026-04-18T22:35:03.121+01:00  INFO 35852 --- [recruti_backend] [  restartedMain] t.r.r.RecrutiBackendApplication          : No active profile set, falling back to 1 default profile: "default"
2026-04-18T22:35:03.525+01:00  INFO 35852 --- [recruti_backend] [  restartedMain] .s.d.r.c.RepositoryConfigurationDelegate : Bootstrapping Spring Data JPA repositories in DEFAULT mode.
2026-04-18T22:35:03.579+01:00  INFO 35852 --- [recruti_backend] [  restartedMain] .s.d.r.c.RepositoryConfigurationDelegate : Finished Spring Data repository scanning in 50 ms. Found 8 JPA repository interfaces.
2026-04-18T22:35:03.849+01:00  INFO 35852 --- [recruti_backend] [  restartedMain] o.s.boot.tomcat.TomcatWebServer          : Tomcat initialized with port 8082 (http)
2026-04-18T22:35:03.868+01:00  INFO 35852 --- [recruti_backend] [  restartedMain] o.apache.catalina.core.StandardService   : Starting service [Tomcat]
2026-04-18T22:35:03.868+01:00  INFO 35852 --- [recruti_backend] [  restartedMain] o.apache.catalina.core.StandardEngine    : Starting Servlet engine: [Apache Tomcat/11.0.18]
2026-04-18T22:35:03.929+01:00  INFO 35852 --- [recruti_backend] [  restartedMain] b.w.c.s.WebApplicationContextInitializer : Root WebApplicationContext: initialization completed in 805 ms
2026-04-18T22:35:04.027+01:00  INFO 35852 --- [recruti_backend] [  restartedMain] org.hibernate.orm.jpa                    : HHH008540: Processing PersistenceUnitInfo [name: default]
2026-04-18T22:35:04.101+01:00  INFO 35852 --- [recruti_backend] [  restartedMain] o.s.o.j.p.SpringPersistenceUnitInfo      : No LoadTimeWeaver setup: ignoring JPA class transformer
2026-04-18T22:35:04.104+01:00  INFO 35852 --- [recruti_backend] [  restartedMain] com.zaxxer.hikari.HikariDataSource       : HikariPool-2 - Starting...
2026-04-18T22:35:04.130+01:00  INFO 35852 --- [recruti_backend] [  restartedMain] com.zaxxer.hikari.pool.HikariPool        : HikariPool-2 - Added connection com.mysql.cj.jdbc.ConnectionImpl@4a780828
2026-04-18T22:35:04.131+01:00  INFO 35852 --- [recruti_backend] [  restartedMain] com.zaxxer.hikari.HikariDataSource       : HikariPool-2 - Start completed.
2026-04-18T22:35:04.134+01:00  INFO 35852 --- [recruti_backend] [  restartedMain] org.hibernate.orm.connections.pooling    : HHH10001005: Database info:
	Database JDBC URL [jdbc:mysql://127.0.0.1:3306/springBase]
	Database driver: MySQL Connector/J
	Database dialect: MySQLDialect
	Database version: 8.0.41
	Default catalog/schema: springBase/undefined
	Autocommit mode: undefined/unknown
	Isolation level: REPEATABLE_READ [default REPEATABLE_READ]
	JDBC fetch size: none
	Pool: DataSourceConnectionProvider
	Minimum pool size: undefined/unknown
	Maximum pool size: undefined/unknown
2026-04-18T22:35:04.398+01:00  INFO 35852 --- [recruti_backend] [  restartedMain] org.hibernate.orm.core                   : HHH000489: No JTA platform available (set 'hibernate.transaction.jta.platform' to enable JTA platform integration)
2026-04-18T22:35:04.438+01:00  INFO 35852 --- [recruti_backend] [  restartedMain] j.LocalContainerEntityManagerFactoryBean : Initialized JPA EntityManagerFactory for persistence unit 'default'
2026-04-18T22:35:04.639+01:00  INFO 35852 --- [recruti_backend] [  restartedMain] r$InitializeUserDetailsManagerConfigurer : Global AuthenticationManager configured with UserDetailsService bean with name userDetailsServiceImpl
2026-04-18T22:35:04.883+01:00  WARN 35852 --- [recruti_backend] [  restartedMain] JpaBaseConfiguration$JpaWebConfiguration : spring.jpa.open-in-view is enabled by default. Therefore, database queries may be performed during view rendering. Explicitly configure spring.jpa.open-in-view to disable this warning
2026-04-18T22:35:05.327+01:00  INFO 35852 --- [recruti_backend] [  restartedMain] o.s.boot.tomcat.TomcatWebServer          : Tomcat started on port 8082 (http) with context path '/'
2026-04-18T22:35:05.332+01:00  INFO 35852 --- [recruti_backend] [  restartedMain] t.r.r.RecrutiBackendApplication          : Started RecrutiBackendApplication in 2.27 seconds (process running for 84.174)
2026-04-18T22:35:05.335+01:00  INFO 35852 --- [recruti_backend] [  restartedMain] .ConditionEvaluationDeltaLoggingListener : Condition evaluation unchanged
2026-04-18T22:35:30.361+01:00  INFO 35852 --- [recruti_backend] [nio-8082-exec-1] o.a.c.c.C.[Tomcat].[localhost].[/]       : Initializing Spring DispatcherServlet 'dispatcherServlet'
2026-04-18T22:35:30.361+01:00  INFO 35852 --- [recruti_backend] [nio-8082-exec-1] o.s.web.servlet.DispatcherServlet        : Initializing Servlet 'dispatcherServlet'
2026-04-18T22:35:30.361+01:00  INFO 35852 --- [recruti_backend] [nio-8082-exec-1] o.s.web.servlet.DispatcherServlet        : Completed initialization in 0 ms
Hibernate: 
    select
        o1_0.id,
        o1_0.available,
        o1_0.date_emission,
        o1_0.description,
        q1_0.id,
        q1_0.contenu,
        q1_0.vraies_reponses,
        r1_0.id,
        r1_0.cv_generique,
        r1_0.date_naissance,
        r1_0.email,
        r1_0.gouvernorat,
        r1_0.nom,
        r1_0.nom_societe,
        r1_0.password,
        r1_0.poste,
        r1_0.prenom,
        r1_0.role,
        r1_0.sexe,
        r1_0.skills,
        o1_0.tags,
        o1_0.titre 
    from
        offres o1_0 
    left join
        quiz q1_0 
            on q1_0.id=o1_0.quiz_id 
    left join
        users r1_0 
            on r1_0.id=o1_0.recruteur_id 
    where
        o1_0.id=?
org.springframework.http.converter.HttpMessageNotReadableException: JSON parse error: Unexpected character ('\' (code 92)): was expecting double-quote to start property name
	at org.springframework.http.converter.AbstractJacksonHttpMessageConverter.readJavaType(AbstractJacksonHttpMessageConverter.java:363)
	at org.springframework.http.converter.AbstractJacksonHttpMessageConverter.read(AbstractJacksonHttpMessageConverter.java:319)
	at org.springframework.web.servlet.mvc.method.annotation.AbstractMessageConverterMethodArgumentResolver.readWithMessageConverters(AbstractMessageConverterMethodArgumentResolver.java:203)
	at org.springframework.web.servlet.mvc.method.annotation.RequestResponseBodyMethodProcessor.readWithMessageConverters(RequestResponseBodyMethodProcessor.java:181)
	at org.springframework.web.servlet.mvc.method.annotation.RequestResponseBodyMethodProcessor.resolveArgument(RequestResponseBodyMethodProcessor.java:156)
	at org.springframework.web.method.support.HandlerMethodArgumentResolverComposite.resolveArgument(HandlerMethodArgumentResolverComposite.java:122)
	at org.springframework.web.method.support.InvocableHandlerMethod.getMethodArgumentValues(InvocableHandlerMethod.java:224)
	at org.springframework.web.method.support.InvocableHandlerMethod.invokeForRequest(InvocableHandlerMethod.java:174)
	at org.springframework.web.servlet.mvc.method.annotation.ServletInvocableHandlerMethod.invokeAndHandle(ServletInvocableHandlerMethod.java:117)
	at org.springframework.web.servlet.mvc.method.annotation.RequestMappingHandlerAdapter.invokeHandlerMethod(RequestMappingHandlerAdapter.java:934)
	at org.springframework.web.servlet.mvc.method.annotation.RequestMappingHandlerAdapter.handleInternal(RequestMappingHandlerAdapter.java:853)
	at org.springframework.web.servlet.mvc.method.AbstractHandlerMethodAdapter.handle(AbstractHandlerMethodAdapter.java:86)
	at org.springframework.web.servlet.DispatcherServlet.doDispatch(DispatcherServlet.java:963)
	at org.springframework.web.servlet.DispatcherServlet.doService(DispatcherServlet.java:866)
	at org.springframework.web.servlet.FrameworkServlet.processRequest(FrameworkServlet.java:1000)
	at org.springframework.web.servlet.FrameworkServlet.doPost(FrameworkServlet.java:903)
	at jakarta.servlet.http.HttpServlet.service(HttpServlet.java:649)
	at org.springframework.web.servlet.FrameworkServlet.service(FrameworkServlet.java:874)
	at jakarta.servlet.http.HttpServlet.service(HttpServlet.java:710)
	at org.apache.catalina.core.ApplicationFilterChain.doFilter(ApplicationFilterChain.java:128)
	at org.apache.tomcat.websocket.server.WsFilter.doFilter(WsFilter.java:53)
	at org.apache.catalina.core.ApplicationFilterChain.doFilter(ApplicationFilterChain.java:107)
	at org.springframework.web.filter.OncePerRequestFilter.doFilter(OncePerRequestFilter.java:110)
	at org.apache.catalina.core.ApplicationFilterChain.doFilter(ApplicationFilterChain.java:107)
	at org.springframework.web.filter.CompositeFilter$VirtualFilterChain.doFilter(CompositeFilter.java:108)
	at org.springframework.security.web.FilterChainProxy.lambda$doFilterInternal$3(FilterChainProxy.java:235)
	at org.springframework.security.web.FilterChainProxy$VirtualFilterChain.doFilter(FilterChainProxy.java:371)
	at org.springframework.security.web.access.intercept.AuthorizationFilter.doFilter(AuthorizationFilter.java:101)
	at org.springframework.security.web.FilterChainProxy$VirtualFilterChain.doFilter(FilterChainProxy.java:380)
	at org.springframework.security.web.access.ExceptionTranslationFilter.doFilter(ExceptionTranslationFilter.java:126)
	at org.springframework.security.web.access.ExceptionTranslationFilter.doFilter(ExceptionTranslationFilter.java:120)
	at org.springframework.security.web.FilterChainProxy$VirtualFilterChain.doFilter(FilterChainProxy.java:380)
	at org.springframework.security.web.session.SessionManagementFilter.doFilter(SessionManagementFilter.java:132)
	at org.springframework.security.web.session.SessionManagementFilter.doFilter(SessionManagementFilter.java:86)
	at org.springframework.security.web.FilterChainProxy$VirtualFilterChain.doFilter(FilterChainProxy.java:380)
	at org.springframework.security.web.authentication.AnonymousAuthenticationFilter.doFilter(AnonymousAuthenticationFilter.java:100)
	at org.springframework.security.web.FilterChainProxy$VirtualFilterChain.doFilter(FilterChainProxy.java:380)
	at org.springframework.security.web.servletapi.SecurityContextHolderAwareRequestFilter.doFilter(SecurityContextHolderAwareRequestFilter.java:181)
	at org.springframework.security.web.FilterChainProxy$VirtualFilterChain.doFilter(FilterChainProxy.java:380)
	at org.springframework.security.web.savedrequest.RequestCacheAwareFilter.doFilter(RequestCacheAwareFilter.java:63)
	at org.springframework.security.web.FilterChainProxy$VirtualFilterChain.doFilter(FilterChainProxy.java:380)
	at tn.recruti.recruti_backend.security.JwtFilter.doFilterInternal(JwtFilter.java:55)
	at org.springframework.web.filter.OncePerRequestFilter.doFilter(OncePerRequestFilter.java:116)
	at org.springframework.security.web.FilterChainProxy$VirtualFilterChain.doFilter(FilterChainProxy.java:380)
	at org.springframework.security.web.authentication.logout.LogoutFilter.doFilter(LogoutFilter.java:110)
	at org.springframework.security.web.authentication.logout.LogoutFilter.doFilter(LogoutFilter.java:96)
	at org.springframework.security.web.FilterChainProxy$VirtualFilterChain.doFilter(FilterChainProxy.java:380)
	at org.springframework.web.filter.CorsFilter.doFilterInternal(CorsFilter.java:91)
	at org.springframework.web.filter.OncePerRequestFilter.doFilter(OncePerRequestFilter.java:116)
	at org.springframework.security.web.FilterChainProxy$VirtualFilterChain.doFilter(FilterChainProxy.java:380)
	at org.springframework.security.web.header.HeaderWriterFilter.doHeadersAfter(HeaderWriterFilter.java:90)
	at org.springframework.security.web.header.HeaderWriterFilter.doFilterInternal(HeaderWriterFilter.java:75)
	at org.springframework.web.filter.OncePerRequestFilter.doFilter(OncePerRequestFilter.java:116)
	at org.springframework.security.web.FilterChainProxy$VirtualFilterChain.doFilter(FilterChainProxy.java:380)
	at org.springframework.security.web.context.SecurityContextHolderFilter.doFilter(SecurityContextHolderFilter.java:82)
	at org.springframework.security.web.context.SecurityContextHolderFilter.doFilter(SecurityContextHolderFilter.java:69)
	at org.springframework.security.web.FilterChainProxy$VirtualFilterChain.doFilter(FilterChainProxy.java:380)
	at org.springframework.security.web.context.request.async.WebAsyncManagerIntegrationFilter.doFilterInternal(WebAsyncManagerIntegrationFilter.java:62)
	at org.springframework.web.filter.OncePerRequestFilter.doFilter(OncePerRequestFilter.java:116)
	at org.springframework.security.web.FilterChainProxy$VirtualFilterChain.doFilter(FilterChainProxy.java:380)
	at org.springframework.security.web.session.DisableEncodeUrlFilter.doFilterInternal(DisableEncodeUrlFilter.java:42)
	at org.springframework.web.filter.OncePerRequestFilter.doFilter(OncePerRequestFilter.java:116)
	at org.springframework.security.web.FilterChainProxy$VirtualFilterChain.doFilter(FilterChainProxy.java:380)
	at org.springframework.security.web.FilterChainProxy.doFilterInternal(FilterChainProxy.java:237)
	at org.springframework.security.web.FilterChainProxy.doFilter(FilterChainProxy.java:195)
	at org.springframework.web.filter.CompositeFilter$VirtualFilterChain.doFilter(CompositeFilter.java:113)
	at org.springframework.web.filter.ServletRequestPathFilter.doFilter(ServletRequestPathFilter.java:52)
	at org.springframework.web.filter.CompositeFilter$VirtualFilterChain.doFilter(CompositeFilter.java:113)
	at org.springframework.web.filter.CompositeFilter.doFilter(CompositeFilter.java:74)
	at org.springframework.security.config.annotation.web.configuration.WebSecurityConfiguration$CompositeFilterChainProxy.doFilter(WebSecurityConfiguration.java:317)
	at org.springframework.web.filter.DelegatingFilterProxy.invokeDelegate(DelegatingFilterProxy.java:355)
	at org.springframework.web.filter.DelegatingFilterProxy.doFilter(DelegatingFilterProxy.java:272)
	at org.apache.catalina.core.ApplicationFilterChain.doFilter(ApplicationFilterChain.java:107)
	at org.springframework.web.filter.RequestContextFilter.doFilterInternal(RequestContextFilter.java:100)
	at org.springframework.web.filter.OncePerRequestFilter.doFilter(OncePerRequestFilter.java:116)
	at org.apache.catalina.core.ApplicationFilterChain.doFilter(ApplicationFilterChain.java:107)
	at org.springframework.web.filter.FormContentFilter.doFilterInternal(FormContentFilter.java:93)
	at org.springframework.web.filter.OncePerRequestFilter.doFilter(OncePerRequestFilter.java:116)
	at org.apache.catalina.core.ApplicationFilterChain.doFilter(ApplicationFilterChain.java:107)
	at org.springframework.web.filter.CharacterEncodingFilter.doFilterInternal(CharacterEncodingFilter.java:199)
	at org.springframework.web.filter.OncePerRequestFilter.doFilter(OncePerRequestFilter.java:116)
	at org.apache.catalina.core.ApplicationFilterChain.doFilter(ApplicationFilterChain.java:107)
	at org.apache.catalina.core.StandardWrapperValve.invoke(StandardWrapperValve.java:165)
	at org.apache.catalina.core.StandardContextValve.invoke(StandardContextValve.java:77)
	at org.apache.catalina.authenticator.AuthenticatorBase.invoke(AuthenticatorBase.java:492)
	at org.apache.catalina.core.StandardHostValve.invoke(StandardHostValve.java:113)
	at org.apache.catalina.valves.ErrorReportValve.invoke(ErrorReportValve.java:83)
	at org.apache.catalina.core.StandardEngineValve.invoke(StandardEngineValve.java:72)
	at org.apache.catalina.connector.CoyoteAdapter.service(CoyoteAdapter.java:341)
	at org.apache.coyote.http11.Http11Processor.service(Http11Processor.java:397)
	at org.apache.coyote.AbstractProcessorLight.process(AbstractProcessorLight.java:63)
	at org.apache.coyote.AbstractProtocol$ConnectionHandler.process(AbstractProtocol.java:903)
	at org.apache.tomcat.util.net.NioEndpoint$SocketProcessor.doRun(NioEndpoint.java:1779)
	at org.apache.tomcat.util.net.SocketProcessorBase.run(SocketProcessorBase.java:52)
	at org.apache.tomcat.util.threads.ThreadPoolExecutor.runWorker(ThreadPoolExecutor.java:946)
	at org.apache.tomcat.util.threads.ThreadPoolExecutor$Worker.run(ThreadPoolExecutor.java:480)
	at org.apache.tomcat.util.threads.TaskThread$WrappingRunnable.run(TaskThread.java:57)
	at java.base/java.lang.Thread.run(Thread.java:1447)
Caused by: tools.jackson.core.exc.StreamReadException: Unexpected character ('\' (code 92)): was expecting double-quote to start property name
 at [Source: REDACTED (`StreamReadFeature.INCLUDE_SOURCE_IN_LOCATION` disabled); byte offset: #1]
	at tools.jackson.core.JsonParser._constructReadException(JsonParser.java:1800)
	at tools.jackson.core.base.ParserMinimalBase._reportUnexpectedChar(ParserMinimalBase.java:1049)
	at tools.jackson.core.json.UTF8StreamJsonParser._handleOddName(UTF8StreamJsonParser.java:2459)
	at tools.jackson.core.json.UTF8StreamJsonParser._parseName(UTF8StreamJsonParser.java:2110)
	at tools.jackson.core.json.UTF8StreamJsonParser.nextToken(UTF8StreamJsonParser.java:747)
	at tools.jackson.databind.deser.bean.BeanDeserializer.deserialize(BeanDeserializer.java:196)
	at tools.jackson.databind.deser.DeserializationContextExt.readRootValue(DeserializationContextExt.java:265)
	at tools.jackson.databind.ObjectReader._bindAndClose(ObjectReader.java:1646)
	at tools.jackson.databind.ObjectReader.readValue(ObjectReader.java:1171)
	at org.springframework.http.converter.AbstractJacksonHttpMessageConverter.readJavaType(AbstractJacksonHttpMessageConverter.java:352)
	... 97 more
2026-04-18T22:35:42.805+01:00  WARN 35852 --- [recruti_backend] [nio-8082-exec-3] .m.m.a.ExceptionHandlerExceptionResolver : Resolved [org.springframework.http.converter.HttpMessageNotReadableException: JSON parse error: Unexpected character ('\' (code 92)): was expecting double-quote to start property name]
Hibernate: 
    select
        o1_0.id,
        o1_0.available,
        o1_0.date_emission,
        o1_0.description,
        q1_0.id,
        q1_0.contenu,
        q1_0.vraies_reponses,
        r1_0.id,
        r1_0.cv_generique,
        r1_0.date_naissance,
        r1_0.email,
        r1_0.gouvernorat,
        r1_0.nom,
        r1_0.nom_societe,
        r1_0.password,
        r1_0.poste,
        r1_0.prenom,
        r1_0.role,
        r1_0.sexe,
        r1_0.skills,
        o1_0.tags,
        o1_0.titre 
    from
        offres o1_0 
    left join
        quiz q1_0 
            on q1_0.id=o1_0.quiz_id 
    left join
        users r1_0 
            on r1_0.id=o1_0.recruteur_id 
    where
        o1_0.id=?
2026-04-18T22:36:46.693+01:00  INFO 35852 --- [recruti_backend] [   File Watcher] rtingClassPathChangeChangedEventListener : Restarting due to 1 class path change (0 additions, 0 deletions, 1 modification)
2026-04-18T22:36:46.694+01:00  INFO 35852 --- [recruti_backend] [       Thread-5] o.s.boot.tomcat.GracefulShutdown         : Commencing graceful shutdown. Waiting for active requests to complete
2026-04-18T22:36:46.707+01:00  INFO 35852 --- [recruti_backend] [tomcat-shutdown] o.s.boot.tomcat.GracefulShutdown         : Graceful shutdown complete
2026-04-18T22:36:46.712+01:00  INFO 35852 --- [recruti_backend] [       Thread-5] j.LocalContainerEntityManagerFactoryBean : Closing JPA EntityManagerFactory for persistence unit 'default'
2026-04-18T22:36:46.713+01:00  INFO 35852 --- [recruti_backend] [       Thread-5] com.zaxxer.hikari.HikariDataSource       : HikariPool-2 - Shutdown initiated...
2026-04-18T22:36:46.719+01:00  INFO 35852 --- [recruti_backend] [       Thread-5] com.zaxxer.hikari.HikariDataSource       : HikariPool-2 - Shutdown completed.

  .   ____          _            __ _ _
 /\\ / ___'_ __ _ _(_)_ __  __ _ \ \ \ \
( ( )\___ | '_ | '_| | '_ \/ _` | \ \ \ \
 \\/  ___)| |_)| | | | | || (_| |  ) ) ) )
  '  |____| .__|_| |_|_| |_\__, | / / / /
 =========|_|==============|___/=/_/_/_/

 :: Spring Boot ::                (v4.0.3)

2026-04-18T22:36:46.846+01:00  INFO 35852 --- [recruti_backend] [  restartedMain] t.r.r.RecrutiBackendApplication          : Starting RecrutiBackendApplication using Java 24 with PID 35852 (C:\Users\moham\Desktop\PFA\Recruti-tn\src\backend\recruti_backend\target\classes started by moham in C:\Users\moham\Desktop\PFA\Recruti-tn\src\backend\recruti_backend)
2026-04-18T22:36:46.846+01:00  INFO 35852 --- [recruti_backend] [  restartedMain] t.r.r.RecrutiBackendApplication          : No active profile set, falling back to 1 default profile: "default"
2026-04-18T22:36:47.149+01:00  INFO 35852 --- [recruti_backend] [  restartedMain] .s.d.r.c.RepositoryConfigurationDelegate : Bootstrapping Spring Data JPA repositories in DEFAULT mode.
2026-04-18T22:36:47.190+01:00  INFO 35852 --- [recruti_backend] [  restartedMain] .s.d.r.c.RepositoryConfigurationDelegate : Finished Spring Data repository scanning in 39 ms. Found 8 JPA repository interfaces.
2026-04-18T22:36:47.422+01:00  INFO 35852 --- [recruti_backend] [  restartedMain] o.s.boot.tomcat.TomcatWebServer          : Tomcat initialized with port 8082 (http)
2026-04-18T22:36:47.426+01:00  INFO 35852 --- [recruti_backend] [  restartedMain] o.apache.catalina.core.StandardService   : Starting service [Tomcat]
2026-04-18T22:36:47.427+01:00  INFO 35852 --- [recruti_backend] [  restartedMain] o.apache.catalina.core.StandardEngine    : Starting Servlet engine: [Apache Tomcat/11.0.18]
2026-04-18T22:36:47.475+01:00  INFO 35852 --- [recruti_backend] [  restartedMain] b.w.c.s.WebApplicationContextInitializer : Root WebApplicationContext: initialization completed in 625 ms
2026-04-18T22:36:47.541+01:00  INFO 35852 --- [recruti_backend] [  restartedMain] org.hibernate.orm.jpa                    : HHH008540: Processing PersistenceUnitInfo [name: default]
2026-04-18T22:36:47.635+01:00  INFO 35852 --- [recruti_backend] [  restartedMain] o.s.o.j.p.SpringPersistenceUnitInfo      : No LoadTimeWeaver setup: ignoring JPA class transformer
2026-04-18T22:36:47.635+01:00  INFO 35852 --- [recruti_backend] [  restartedMain] com.zaxxer.hikari.HikariDataSource       : HikariPool-3 - Starting...
2026-04-18T22:36:47.664+01:00  INFO 35852 --- [recruti_backend] [  restartedMain] com.zaxxer.hikari.pool.HikariPool        : HikariPool-3 - Added connection com.mysql.cj.jdbc.ConnectionImpl@8b55dca
2026-04-18T22:36:47.664+01:00  INFO 35852 --- [recruti_backend] [  restartedMain] com.zaxxer.hikari.HikariDataSource       : HikariPool-3 - Start completed.
2026-04-18T22:36:47.667+01:00  INFO 35852 --- [recruti_backend] [  restartedMain] org.hibernate.orm.connections.pooling    : HHH10001005: Database info:
	Database JDBC URL [jdbc:mysql://127.0.0.1:3306/springBase]
	Database driver: MySQL Connector/J
	Database dialect: MySQLDialect
	Database version: 8.0.41
	Default catalog/schema: springBase/undefined
	Autocommit mode: undefined/unknown
	Isolation level: REPEATABLE_READ [default REPEATABLE_READ]
	JDBC fetch size: none
	Pool: DataSourceConnectionProvider
	Minimum pool size: undefined/unknown
	Maximum pool size: undefined/unknown
2026-04-18T22:36:47.903+01:00  INFO 35852 --- [recruti_backend] [  restartedMain] org.hibernate.orm.core                   : HHH000489: No JTA platform available (set 'hibernate.transaction.jta.platform' to enable JTA platform integration)
2026-04-18T22:36:47.933+01:00  INFO 35852 --- [recruti_backend] [  restartedMain] j.LocalContainerEntityManagerFactoryBean : Initialized JPA EntityManagerFactory for persistence unit 'default'
2026-04-18T22:36:48.164+01:00  INFO 35852 --- [recruti_backend] [  restartedMain] r$InitializeUserDetailsManagerConfigurer : Global AuthenticationManager configured with UserDetailsService bean with name userDetailsServiceImpl
2026-04-18T22:36:48.413+01:00  WARN 35852 --- [recruti_backend] [  restartedMain] JpaBaseConfiguration$JpaWebConfiguration : spring.jpa.open-in-view is enabled by default. Therefore, database queries may be performed during view rendering. Explicitly configure spring.jpa.open-in-view to disable this warning
2026-04-18T22:36:48.857+01:00  INFO 35852 --- [recruti_backend] [  restartedMain] o.s.boot.tomcat.TomcatWebServer          : Tomcat started on port 8082 (http) with context path '/'
2026-04-18T22:36:48.857+01:00  INFO 35852 --- [recruti_backend] [  restartedMain] t.r.r.RecrutiBackendApplication          : Started RecrutiBackendApplication in 2.053 seconds (process running for 187.703)
2026-04-18T22:36:48.862+01:00  INFO 35852 --- [recruti_backend] [  restartedMain] .ConditionEvaluationDeltaLoggingListener : Condition evaluation unchanged
2026-04-18T22:37:18.429+01:00  INFO 35852 --- [recruti_backend] [   File Watcher] rtingClassPathChangeChangedEventListener : Restarting due to 1 class path change (0 additions, 0 deletions, 1 modification)
2026-04-18T22:37:18.430+01:00  INFO 35852 --- [recruti_backend] [       Thread-9] o.s.boot.tomcat.GracefulShutdown         : Commencing graceful shutdown. Waiting for active requests to complete
2026-04-18T22:37:18.443+01:00  INFO 35852 --- [recruti_backend] [tomcat-shutdown] o.s.boot.tomcat.GracefulShutdown         : Graceful shutdown complete
2026-04-18T22:37:18.447+01:00  INFO 35852 --- [recruti_backend] [       Thread-9] j.LocalContainerEntityManagerFactoryBean : Closing JPA EntityManagerFactory for persistence unit 'default'
2026-04-18T22:37:18.449+01:00  INFO 35852 --- [recruti_backend] [       Thread-9] com.zaxxer.hikari.HikariDataSource       : HikariPool-3 - Shutdown initiated...
2026-04-18T22:37:18.454+01:00  INFO 35852 --- [recruti_backend] [       Thread-9] com.zaxxer.hikari.HikariDataSource       : HikariPool-3 - Shutdown completed.

  .   ____          _            __ _ _
 /\\ / ___'_ __ _ _(_)_ __  __ _ \ \ \ \
( ( )\___ | '_ | '_| | '_ \/ _` | \ \ \ \
 \\/  ___)| |_)| | | | | || (_| |  ) ) ) )
  '  |____| .__|_| |_|_| |_\__, | / / / /
 =========|_|==============|___/=/_/_/_/

 :: Spring Boot ::                (v4.0.3)

2026-04-18T22:37:18.561+01:00  INFO 35852 --- [recruti_backend] [  restartedMain] t.r.r.RecrutiBackendApplication          : Starting RecrutiBackendApplication using Java 24 with PID 35852 (C:\Users\moham\Desktop\PFA\Recruti-tn\src\backend\recruti_backend\target\classes started by moham in C:\Users\moham\Desktop\PFA\Recruti-tn\src\backend\recruti_backend)
2026-04-18T22:37:18.562+01:00  INFO 35852 --- [recruti_backend] [  restartedMain] t.r.r.RecrutiBackendApplication          : No active profile set, falling back to 1 default profile: "default"
2026-04-18T22:37:18.846+01:00  INFO 35852 --- [recruti_backend] [  restartedMain] .s.d.r.c.RepositoryConfigurationDelegate : Bootstrapping Spring Data JPA repositories in DEFAULT mode.
2026-04-18T22:37:18.891+01:00  INFO 35852 --- [recruti_backend] [  restartedMain] .s.d.r.c.RepositoryConfigurationDelegate : Finished Spring Data repository scanning in 41 ms. Found 8 JPA repository interfaces.
2026-04-18T22:37:19.061+01:00  INFO 35852 --- [recruti_backend] [  restartedMain] o.s.boot.tomcat.TomcatWebServer          : Tomcat initialized with port 8082 (http)
2026-04-18T22:37:19.063+01:00  INFO 35852 --- [recruti_backend] [  restartedMain] o.apache.catalina.core.StandardService   : Starting service [Tomcat]
2026-04-18T22:37:19.064+01:00  INFO 35852 --- [recruti_backend] [  restartedMain] o.apache.catalina.core.StandardEngine    : Starting Servlet engine: [Apache Tomcat/11.0.18]
2026-04-18T22:37:19.126+01:00  INFO 35852 --- [recruti_backend] [  restartedMain] b.w.c.s.WebApplicationContextInitializer : Root WebApplicationContext: initialization completed in 562 ms
2026-04-18T22:37:19.210+01:00  INFO 35852 --- [recruti_backend] [  restartedMain] org.hibernate.orm.jpa                    : HHH008540: Processing PersistenceUnitInfo [name: default]
2026-04-18T22:37:19.281+01:00  INFO 35852 --- [recruti_backend] [  restartedMain] o.s.o.j.p.SpringPersistenceUnitInfo      : No LoadTimeWeaver setup: ignoring JPA class transformer
2026-04-18T22:37:19.283+01:00  INFO 35852 --- [recruti_backend] [  restartedMain] com.zaxxer.hikari.HikariDataSource       : HikariPool-4 - Starting...
2026-04-18T22:37:19.307+01:00  INFO 35852 --- [recruti_backend] [  restartedMain] com.zaxxer.hikari.pool.HikariPool        : HikariPool-4 - Added connection com.mysql.cj.jdbc.ConnectionImpl@5e78f8de
2026-04-18T22:37:19.308+01:00  INFO 35852 --- [recruti_backend] [  restartedMain] com.zaxxer.hikari.HikariDataSource       : HikariPool-4 - Start completed.
2026-04-18T22:37:19.311+01:00  INFO 35852 --- [recruti_backend] [  restartedMain] org.hibernate.orm.connections.pooling    : HHH10001005: Database info:
	Database JDBC URL [jdbc:mysql://127.0.0.1:3306/springBase]
	Database driver: MySQL Connector/J
	Database dialect: MySQLDialect
	Database version: 8.0.41
	Default catalog/schema: springBase/undefined
	Autocommit mode: undefined/unknown
	Isolation level: REPEATABLE_READ [default REPEATABLE_READ]
	JDBC fetch size: none
	Pool: DataSourceConnectionProvider
	Minimum pool size: undefined/unknown
	Maximum pool size: undefined/unknown
2026-04-18T22:37:19.508+01:00  INFO 35852 --- [recruti_backend] [  restartedMain] org.hibernate.orm.core                   : HHH000489: No JTA platform available (set 'hibernate.transaction.jta.platform' to enable JTA platform integration)
2026-04-18T22:37:19.536+01:00  INFO 35852 --- [recruti_backend] [  restartedMain] j.LocalContainerEntityManagerFactoryBean : Initialized JPA EntityManagerFactory for persistence unit 'default'
2026-04-18T22:37:19.708+01:00  INFO 35852 --- [recruti_backend] [  restartedMain] r$InitializeUserDetailsManagerConfigurer : Global AuthenticationManager configured with UserDetailsService bean with name userDetailsServiceImpl
2026-04-18T22:37:19.925+01:00  WARN 35852 --- [recruti_backend] [  restartedMain] JpaBaseConfiguration$JpaWebConfiguration : spring.jpa.open-in-view is enabled by default. Therefore, database queries may be performed during view rendering. Explicitly configure spring.jpa.open-in-view to disable this warning
2026-04-18T22:37:20.341+01:00  INFO 35852 --- [recruti_backend] [  restartedMain] o.s.boot.tomcat.TomcatWebServer          : Tomcat started on port 8082 (http) with context path '/'
2026-04-18T22:37:20.349+01:00  INFO 35852 --- [recruti_backend] [  restartedMain] t.r.r.RecrutiBackendApplication          : Started RecrutiBackendApplication in 1.827 seconds (process running for 219.191)
2026-04-18T22:37:20.351+01:00  INFO 35852 --- [recruti_backend] [  restartedMain] .ConditionEvaluationDeltaLoggingListener : Condition evaluation unchanged
2026-04-18T22:44:28.320+01:00  INFO 35852 --- [recruti_backend] [   File Watcher] rtingClassPathChangeChangedEventListener : Restarting due to 1 class path change (0 additions, 0 deletions, 1 modification)
2026-04-18T22:44:28.322+01:00  INFO 35852 --- [recruti_backend] [      Thread-13] o.s.boot.tomcat.GracefulShutdown         : Commencing graceful shutdown. Waiting for active requests to complete
2026-04-18T22:44:28.330+01:00  INFO 35852 --- [recruti_backend] [tomcat-shutdown] o.s.boot.tomcat.GracefulShutdown         : Graceful shutdown complete
2026-04-18T22:44:28.334+01:00  INFO 35852 --- [recruti_backend] [      Thread-13] j.LocalContainerEntityManagerFactoryBean : Closing JPA EntityManagerFactory for persistence unit 'default'
2026-04-18T22:44:28.338+01:00  INFO 35852 --- [recruti_backend] [      Thread-13] com.zaxxer.hikari.HikariDataSource       : HikariPool-4 - Shutdown initiated...
2026-04-18T22:44:28.343+01:00  INFO 35852 --- [recruti_backend] [      Thread-13] com.zaxxer.hikari.HikariDataSource       : HikariPool-4 - Shutdown completed.

  .   ____          _            __ _ _
 /\\ / ___'_ __ _ _(_)_ __  __ _ \ \ \ \
( ( )\___ | '_ | '_| | '_ \/ _` | \ \ \ \
 \\/  ___)| |_)| | | | | || (_| |  ) ) ) )
  '  |____| .__|_| |_|_| |_\__, | / / / /
 =========|_|==============|___/=/_/_/_/

 :: Spring Boot ::                (v4.0.3)

2026-04-18T22:44:28.472+01:00  INFO 35852 --- [recruti_backend] [  restartedMain] t.r.r.RecrutiBackendApplication          : Starting RecrutiBackendApplication using Java 24 with PID 35852 (C:\Users\moham\Desktop\PFA\Recruti-tn\src\backend\recruti_backend\target\classes started by moham in C:\Users\moham\Desktop\PFA\Recruti-tn\src\backend\recruti_backend)
2026-04-18T22:44:28.473+01:00  INFO 35852 --- [recruti_backend] [  restartedMain] t.r.r.RecrutiBackendApplication          : No active profile set, falling back to 1 default profile: "default"
2026-04-18T22:44:28.775+01:00  INFO 35852 --- [recruti_backend] [  restartedMain] .s.d.r.c.RepositoryConfigurationDelegate : Bootstrapping Spring Data JPA repositories in DEFAULT mode.
2026-04-18T22:44:28.813+01:00  INFO 35852 --- [recruti_backend] [  restartedMain] .s.d.r.c.RepositoryConfigurationDelegate : Finished Spring Data repository scanning in 34 ms. Found 8 JPA repository interfaces.
2026-04-18T22:44:28.972+01:00  INFO 35852 --- [recruti_backend] [  restartedMain] o.s.boot.tomcat.TomcatWebServer          : Tomcat initialized with port 8082 (http)
2026-04-18T22:44:28.976+01:00  INFO 35852 --- [recruti_backend] [  restartedMain] o.apache.catalina.core.StandardService   : Starting service [Tomcat]
2026-04-18T22:44:28.976+01:00  INFO 35852 --- [recruti_backend] [  restartedMain] o.apache.catalina.core.StandardEngine    : Starting Servlet engine: [Apache Tomcat/11.0.18]
2026-04-18T22:44:29.017+01:00  INFO 35852 --- [recruti_backend] [  restartedMain] b.w.c.s.WebApplicationContextInitializer : Root WebApplicationContext: initialization completed in 542 ms
2026-04-18T22:44:29.111+01:00  INFO 35852 --- [recruti_backend] [  restartedMain] org.hibernate.orm.jpa                    : HHH008540: Processing PersistenceUnitInfo [name: default]
2026-04-18T22:44:29.197+01:00  INFO 35852 --- [recruti_backend] [  restartedMain] o.s.o.j.p.SpringPersistenceUnitInfo      : No LoadTimeWeaver setup: ignoring JPA class transformer
2026-04-18T22:44:29.210+01:00  INFO 35852 --- [recruti_backend] [  restartedMain] com.zaxxer.hikari.HikariDataSource       : HikariPool-5 - Starting...
2026-04-18T22:44:29.234+01:00  INFO 35852 --- [recruti_backend] [  restartedMain] com.zaxxer.hikari.pool.HikariPool        : HikariPool-5 - Added connection com.mysql.cj.jdbc.ConnectionImpl@5e743e05
2026-04-18T22:44:29.235+01:00  INFO 35852 --- [recruti_backend] [  restartedMain] com.zaxxer.hikari.HikariDataSource       : HikariPool-5 - Start completed.
2026-04-18T22:44:29.237+01:00  INFO 35852 --- [recruti_backend] [  restartedMain] org.hibernate.orm.connections.pooling    : HHH10001005: Database info:
	Database JDBC URL [jdbc:mysql://127.0.0.1:3306/springBase]
	Database driver: MySQL Connector/J
	Database dialect: MySQLDialect
	Database version: 8.0.41
	Default catalog/schema: springBase/undefined
	Autocommit mode: undefined/unknown
	Isolation level: REPEATABLE_READ [default REPEATABLE_READ]
	JDBC fetch size: none
	Pool: DataSourceConnectionProvider
	Minimum pool size: undefined/unknown
	Maximum pool size: undefined/unknown
2026-04-18T22:44:29.418+01:00  INFO 35852 --- [recruti_backend] [  restartedMain] org.hibernate.orm.core                   : HHH000489: No JTA platform available (set 'hibernate.transaction.jta.platform' to enable JTA platform integration)
2026-04-18T22:44:29.446+01:00  INFO 35852 --- [recruti_backend] [  restartedMain] j.LocalContainerEntityManagerFactoryBean : Initialized JPA EntityManagerFactory for persistence unit 'default'
2026-04-18T22:44:29.619+01:00  INFO 35852 --- [recruti_backend] [  restartedMain] r$InitializeUserDetailsManagerConfigurer : Global AuthenticationManager configured with UserDetailsService bean with name userDetailsServiceImpl
2026-04-18T22:44:29.812+01:00  WARN 35852 --- [recruti_backend] [  restartedMain] JpaBaseConfiguration$JpaWebConfiguration : spring.jpa.open-in-view is enabled by default. Therefore, database queries may be performed during view rendering. Explicitly configure spring.jpa.open-in-view to disable this warning
2026-04-18T22:44:30.224+01:00  INFO 35852 --- [recruti_backend] [  restartedMain] o.s.boot.tomcat.TomcatWebServer          : Tomcat started on port 8082 (http) with context path '/'
2026-04-18T22:44:30.227+01:00  INFO 35852 --- [recruti_backend] [  restartedMain] t.r.r.RecrutiBackendApplication          : Started RecrutiBackendApplication in 1.802 seconds (process running for 649.069)
2026-04-18T22:44:30.228+01:00  INFO 35852 --- [recruti_backend] [  restartedMain] .ConditionEvaluationDeltaLoggingListener : Condition evaluation unchanged
2026-04-18T22:53:31.854+01:00  INFO 35852 --- [recruti_backend] [   File Watcher] rtingClassPathChangeChangedEventListener : Restarting due to 1 class path change (0 additions, 0 deletions, 1 modification)
2026-04-18T22:53:31.856+01:00  INFO 35852 --- [recruti_backend] [      Thread-17] o.s.boot.tomcat.GracefulShutdown         : Commencing graceful shutdown. Waiting for active requests to complete
2026-04-18T22:53:31.866+01:00  INFO 35852 --- [recruti_backend] [tomcat-shutdown] o.s.boot.tomcat.GracefulShutdown         : Graceful shutdown complete
2026-04-18T22:53:31.868+01:00  INFO 35852 --- [recruti_backend] [      Thread-17] j.LocalContainerEntityManagerFactoryBean : Closing JPA EntityManagerFactory for persistence unit 'default'
2026-04-18T22:53:31.869+01:00  INFO 35852 --- [recruti_backend] [      Thread-17] com.zaxxer.hikari.HikariDataSource       : HikariPool-5 - Shutdown initiated...
2026-04-18T22:53:31.873+01:00  INFO 35852 --- [recruti_backend] [      Thread-17] com.zaxxer.hikari.HikariDataSource       : HikariPool-5 - Shutdown completed.

  .   ____          _            __ _ _
 /\\ / ___'_ __ _ _(_)_ __  __ _ \ \ \ \
( ( )\___ | '_ | '_| | '_ \/ _` | \ \ \ \
 \\/  ___)| |_)| | | | | || (_| |  ) ) ) )
  '  |____| .__|_| |_|_| |_\__, | / / / /
 =========|_|==============|___/=/_/_/_/

 :: Spring Boot ::                (v4.0.3)

2026-04-18T22:53:31.979+01:00  INFO 35852 --- [recruti_backend] [  restartedMain] t.r.r.RecrutiBackendApplication          : Starting RecrutiBackendApplication using Java 24 with PID 35852 (C:\Users\moham\Desktop\PFA\Recruti-tn\src\backend\recruti_backend\target\classes started by moham in C:\Users\moham\Desktop\PFA\Recruti-tn\src\backend\recruti_backend)
2026-04-18T22:53:31.979+01:00  INFO 35852 --- [recruti_backend] [  restartedMain] t.r.r.RecrutiBackendApplication          : No active profile set, falling back to 1 default profile: "default"
2026-04-18T22:53:32.253+01:00  INFO 35852 --- [recruti_backend] [  restartedMain] .s.d.r.c.RepositoryConfigurationDelegate : Bootstrapping Spring Data JPA repositories in DEFAULT mode.
2026-04-18T22:53:32.285+01:00  INFO 35852 --- [recruti_backend] [  restartedMain] .s.d.r.c.RepositoryConfigurationDelegate : Finished Spring Data repository scanning in 28 ms. Found 8 JPA repository interfaces.
2026-04-18T22:53:32.429+01:00  INFO 35852 --- [recruti_backend] [  restartedMain] o.s.boot.tomcat.TomcatWebServer          : Tomcat initialized with port 8082 (http)
2026-04-18T22:53:32.430+01:00  INFO 35852 --- [recruti_backend] [  restartedMain] o.apache.catalina.core.StandardService   : Starting service [Tomcat]
2026-04-18T22:53:32.431+01:00  INFO 35852 --- [recruti_backend] [  restartedMain] o.apache.catalina.core.StandardEngine    : Starting Servlet engine: [Apache Tomcat/11.0.18]
2026-04-18T22:53:32.467+01:00  INFO 35852 --- [recruti_backend] [  restartedMain] b.w.c.s.WebApplicationContextInitializer : Root WebApplicationContext: initialization completed in 485 ms
2026-04-18T22:53:32.523+01:00  INFO 35852 --- [recruti_backend] [  restartedMain] org.hibernate.orm.jpa                    : HHH008540: Processing PersistenceUnitInfo [name: default]
2026-04-18T22:53:32.573+01:00  INFO 35852 --- [recruti_backend] [  restartedMain] o.s.o.j.p.SpringPersistenceUnitInfo      : No LoadTimeWeaver setup: ignoring JPA class transformer
2026-04-18T22:53:32.574+01:00  INFO 35852 --- [recruti_backend] [  restartedMain] com.zaxxer.hikari.HikariDataSource       : HikariPool-6 - Starting...
2026-04-18T22:53:32.588+01:00  INFO 35852 --- [recruti_backend] [  restartedMain] com.zaxxer.hikari.pool.HikariPool        : HikariPool-6 - Added connection com.mysql.cj.jdbc.ConnectionImpl@79ab1a1
2026-04-18T22:53:32.589+01:00  INFO 35852 --- [recruti_backend] [  restartedMain] com.zaxxer.hikari.HikariDataSource       : HikariPool-6 - Start completed.
2026-04-18T22:53:32.591+01:00  INFO 35852 --- [recruti_backend] [  restartedMain] org.hibernate.orm.connections.pooling    : HHH10001005: Database info:
	Database JDBC URL [jdbc:mysql://127.0.0.1:3306/springBase]
	Database driver: MySQL Connector/J
	Database dialect: MySQLDialect
	Database version: 8.0.41
	Default catalog/schema: springBase/undefined
	Autocommit mode: undefined/unknown
	Isolation level: REPEATABLE_READ [default REPEATABLE_READ]
	JDBC fetch size: none
	Pool: DataSourceConnectionProvider
	Minimum pool size: undefined/unknown
	Maximum pool size: undefined/unknown
2026-04-18T22:53:32.780+01:00  INFO 35852 --- [recruti_backend] [  restartedMain] org.hibernate.orm.core                   : HHH000489: No JTA platform available (set 'hibernate.transaction.jta.platform' to enable JTA platform integration)
2026-04-18T22:53:32.826+01:00  INFO 35852 --- [recruti_backend] [  restartedMain] j.LocalContainerEntityManagerFactoryBean : Initialized JPA EntityManagerFactory for persistence unit 'default'
2026-04-18T22:53:32.967+01:00  INFO 35852 --- [recruti_backend] [  restartedMain] r$InitializeUserDetailsManagerConfigurer : Global AuthenticationManager configured with UserDetailsService bean with name userDetailsServiceImpl
2026-04-18T22:53:33.138+01:00  WARN 35852 --- [recruti_backend] [  restartedMain] JpaBaseConfiguration$JpaWebConfiguration : spring.jpa.open-in-view is enabled by default. Therefore, database queries may be performed during view rendering. Explicitly configure spring.jpa.open-in-view to disable this warning
2026-04-18T22:53:33.503+01:00  INFO 35852 --- [recruti_backend] [  restartedMain] o.s.boot.tomcat.TomcatWebServer          : Tomcat started on port 8082 (http) with context path '/'
2026-04-18T22:53:33.506+01:00  INFO 35852 --- [recruti_backend] [  restartedMain] t.r.r.RecrutiBackendApplication          : Started RecrutiBackendApplication in 1.575 seconds (process running for 1192.349)
2026-04-18T22:53:33.508+01:00  INFO 35852 --- [recruti_backend] [  restartedMain] .ConditionEvaluationDeltaLoggingListener : Condition evaluation unchanged
2026-04-18T22:58:58.623+01:00  INFO 35852 --- [recruti_backend] [   File Watcher] rtingClassPathChangeChangedEventListener : Restarting due to 1 class path change (0 additions, 0 deletions, 1 modification)
2026-04-18T22:58:58.626+01:00  INFO 35852 --- [recruti_backend] [      Thread-21] o.s.boot.tomcat.GracefulShutdown         : Commencing graceful shutdown. Waiting for active requests to complete
2026-04-18T22:58:58.637+01:00  INFO 35852 --- [recruti_backend] [tomcat-shutdown] o.s.boot.tomcat.GracefulShutdown         : Graceful shutdown complete
2026-04-18T22:58:58.640+01:00  INFO 35852 --- [recruti_backend] [      Thread-21] j.LocalContainerEntityManagerFactoryBean : Closing JPA EntityManagerFactory for persistence unit 'default'
2026-04-18T22:58:58.640+01:00  INFO 35852 --- [recruti_backend] [      Thread-21] com.zaxxer.hikari.HikariDataSource       : HikariPool-6 - Shutdown initiated...
2026-04-18T22:58:58.648+01:00  INFO 35852 --- [recruti_backend] [      Thread-21] com.zaxxer.hikari.HikariDataSource       : HikariPool-6 - Shutdown completed.

  .   ____          _            __ _ _
 /\\ / ___'_ __ _ _(_)_ __  __ _ \ \ \ \
( ( )\___ | '_ | '_| | '_ \/ _` | \ \ \ \
 \\/  ___)| |_)| | | | | || (_| |  ) ) ) )
  '  |____| .__|_| |_|_| |_\__, | / / / /
 =========|_|==============|___/=/_/_/_/

 :: Spring Boot ::                (v4.0.3)

2026-04-18T22:58:58.749+01:00  INFO 35852 --- [recruti_backend] [  restartedMain] t.r.r.RecrutiBackendApplication          : Starting RecrutiBackendApplication using Java 24 with PID 35852 (C:\Users\moham\Desktop\PFA\Recruti-tn\src\backend\recruti_backend\target\classes started by moham in C:\Users\moham\Desktop\PFA\Recruti-tn\src\backend\recruti_backend)
2026-04-18T22:58:58.749+01:00  INFO 35852 --- [recruti_backend] [  restartedMain] t.r.r.RecrutiBackendApplication          : No active profile set, falling back to 1 default profile: "default"
2026-04-18T22:58:59.086+01:00  INFO 35852 --- [recruti_backend] [  restartedMain] .s.d.r.c.RepositoryConfigurationDelegate : Bootstrapping Spring Data JPA repositories in DEFAULT mode.
2026-04-18T22:58:59.134+01:00  INFO 35852 --- [recruti_backend] [  restartedMain] .s.d.r.c.RepositoryConfigurationDelegate : Finished Spring Data repository scanning in 43 ms. Found 8 JPA repository interfaces.
2026-04-18T22:58:59.329+01:00  INFO 35852 --- [recruti_backend] [  restartedMain] o.s.boot.tomcat.TomcatWebServer          : Tomcat initialized with port 8082 (http)
2026-04-18T22:58:59.329+01:00  INFO 35852 --- [recruti_backend] [  restartedMain] o.apache.catalina.core.StandardService   : Starting service [Tomcat]
2026-04-18T22:58:59.329+01:00  INFO 35852 --- [recruti_backend] [  restartedMain] o.apache.catalina.core.StandardEngine    : Starting Servlet engine: [Apache Tomcat/11.0.18]
2026-04-18T22:58:59.382+01:00  INFO 35852 --- [recruti_backend] [  restartedMain] b.w.c.s.WebApplicationContextInitializer : Root WebApplicationContext: initialization completed in 633 ms
2026-04-18T22:58:59.457+01:00  INFO 35852 --- [recruti_backend] [  restartedMain] org.hibernate.orm.jpa                    : HHH008540: Processing PersistenceUnitInfo [name: default]
2026-04-18T22:58:59.540+01:00  INFO 35852 --- [recruti_backend] [  restartedMain] o.s.o.j.p.SpringPersistenceUnitInfo      : No LoadTimeWeaver setup: ignoring JPA class transformer
2026-04-18T22:58:59.542+01:00  INFO 35852 --- [recruti_backend] [  restartedMain] com.zaxxer.hikari.HikariDataSource       : HikariPool-7 - Starting...
2026-04-18T22:58:59.562+01:00  INFO 35852 --- [recruti_backend] [  restartedMain] com.zaxxer.hikari.pool.HikariPool        : HikariPool-7 - Added connection com.mysql.cj.jdbc.ConnectionImpl@66563b80
2026-04-18T22:58:59.562+01:00  INFO 35852 --- [recruti_backend] [  restartedMain] com.zaxxer.hikari.HikariDataSource       : HikariPool-7 - Start completed.
2026-04-18T22:58:59.563+01:00  INFO 35852 --- [recruti_backend] [  restartedMain] org.hibernate.orm.connections.pooling    : HHH10001005: Database info:
	Database JDBC URL [jdbc:mysql://127.0.0.1:3306/springBase]
	Database driver: MySQL Connector/J
	Database dialect: MySQLDialect
	Database version: 8.0.41
	Default catalog/schema: springBase/undefined
	Autocommit mode: undefined/unknown
	Isolation level: REPEATABLE_READ [default REPEATABLE_READ]
	JDBC fetch size: none
	Pool: DataSourceConnectionProvider
	Minimum pool size: undefined/unknown
	Maximum pool size: undefined/unknown
2026-04-18T22:58:59.727+01:00  INFO 35852 --- [recruti_backend] [  restartedMain] org.hibernate.orm.core                   : HHH000489: No JTA platform available (set 'hibernate.transaction.jta.platform' to enable JTA platform integration)
2026-04-18T22:58:59.755+01:00  INFO 35852 --- [recruti_backend] [  restartedMain] j.LocalContainerEntityManagerFactoryBean : Initialized JPA EntityManagerFactory for persistence unit 'default'
2026-04-18T22:58:59.947+01:00  INFO 35852 --- [recruti_backend] [  restartedMain] r$InitializeUserDetailsManagerConfigurer : Global AuthenticationManager configured with UserDetailsService bean with name userDetailsServiceImpl
2026-04-18T22:59:00.119+01:00  WARN 35852 --- [recruti_backend] [  restartedMain] JpaBaseConfiguration$JpaWebConfiguration : spring.jpa.open-in-view is enabled by default. Therefore, database queries may be performed during view rendering. Explicitly configure spring.jpa.open-in-view to disable this warning
2026-04-18T22:59:00.425+01:00  INFO 35852 --- [recruti_backend] [  restartedMain] o.s.boot.tomcat.TomcatWebServer          : Tomcat started on port 8082 (http) with context path '/'
2026-04-18T22:59:00.428+01:00  INFO 35852 --- [recruti_backend] [  restartedMain] t.r.r.RecrutiBackendApplication          : Started RecrutiBackendApplication in 1.718 seconds (process running for 1519.271)
2026-04-18T22:59:00.430+01:00  INFO 35852 --- [recruti_backend] [  restartedMain] .ConditionEvaluationDeltaLoggingListener : Condition evaluation unchanged
2026-04-18T23:02:51.304+01:00  INFO 35852 --- [recruti_backend] [   File Watcher] rtingClassPathChangeChangedEventListener : Restarting due to 5 class path changes (0 additions, 0 deletions, 5 modifications)
2026-04-18T23:02:51.311+01:00  INFO 35852 --- [recruti_backend] [      Thread-25] o.s.boot.tomcat.GracefulShutdown         : Commencing graceful shutdown. Waiting for active requests to complete
2026-04-18T23:02:51.321+01:00  INFO 35852 --- [recruti_backend] [tomcat-shutdown] o.s.boot.tomcat.GracefulShutdown         : Graceful shutdown complete
2026-04-18T23:02:51.324+01:00  INFO 35852 --- [recruti_backend] [      Thread-25] j.LocalContainerEntityManagerFactoryBean : Closing JPA EntityManagerFactory for persistence unit 'default'
2026-04-18T23:02:51.325+01:00  INFO 35852 --- [recruti_backend] [      Thread-25] com.zaxxer.hikari.HikariDataSource       : HikariPool-7 - Shutdown initiated...
2026-04-18T23:02:51.329+01:00  INFO 35852 --- [recruti_backend] [      Thread-25] com.zaxxer.hikari.HikariDataSource       : HikariPool-7 - Shutdown completed.

  .   ____          _            __ _ _
 /\\ / ___'_ __ _ _(_)_ __  __ _ \ \ \ \
( ( )\___ | '_ | '_| | '_ \/ _` | \ \ \ \
 \\/  ___)| |_)| | | | | || (_| |  ) ) ) )
  '  |____| .__|_| |_|_| |_\__, | / / / /
 =========|_|==============|___/=/_/_/_/

 :: Spring Boot ::                (v4.0.3)

2026-04-18T23:02:51.447+01:00  INFO 35852 --- [recruti_backend] [  restartedMain] t.r.r.RecrutiBackendApplication          : Starting RecrutiBackendApplication using Java 24 with PID 35852 (C:\Users\moham\Desktop\PFA\Recruti-tn\src\backend\recruti_backend\target\classes started by moham in C:\Users\moham\Desktop\PFA\Recruti-tn\src\backend\recruti_backend)
2026-04-18T23:02:51.448+01:00  INFO 35852 --- [recruti_backend] [  restartedMain] t.r.r.RecrutiBackendApplication          : No active profile set, falling back to 1 default profile: "default"
2026-04-18T23:02:51.772+01:00  INFO 35852 --- [recruti_backend] [  restartedMain] .s.d.r.c.RepositoryConfigurationDelegate : Bootstrapping Spring Data JPA repositories in DEFAULT mode.
2026-04-18T23:02:51.821+01:00  INFO 35852 --- [recruti_backend] [  restartedMain] .s.d.r.c.RepositoryConfigurationDelegate : Finished Spring Data repository scanning in 42 ms. Found 8 JPA repository interfaces.
2026-04-18T23:02:51.998+01:00  INFO 35852 --- [recruti_backend] [  restartedMain] o.s.boot.tomcat.TomcatWebServer          : Tomcat initialized with port 8082 (http)
2026-04-18T23:02:52.003+01:00  INFO 35852 --- [recruti_backend] [  restartedMain] o.apache.catalina.core.StandardService   : Starting service [Tomcat]
2026-04-18T23:02:52.004+01:00  INFO 35852 --- [recruti_backend] [  restartedMain] o.apache.catalina.core.StandardEngine    : Starting Servlet engine: [Apache Tomcat/11.0.18]
2026-04-18T23:02:52.051+01:00  INFO 35852 --- [recruti_backend] [  restartedMain] b.w.c.s.WebApplicationContextInitializer : Root WebApplicationContext: initialization completed in 598 ms
2026-04-18T23:02:52.119+01:00  INFO 35852 --- [recruti_backend] [  restartedMain] org.hibernate.orm.jpa                    : HHH008540: Processing PersistenceUnitInfo [name: default]
2026-04-18T23:02:52.187+01:00  INFO 35852 --- [recruti_backend] [  restartedMain] o.s.o.j.p.SpringPersistenceUnitInfo      : No LoadTimeWeaver setup: ignoring JPA class transformer
2026-04-18T23:02:52.192+01:00  INFO 35852 --- [recruti_backend] [  restartedMain] com.zaxxer.hikari.HikariDataSource       : HikariPool-8 - Starting...
2026-04-18T23:02:52.214+01:00  INFO 35852 --- [recruti_backend] [  restartedMain] com.zaxxer.hikari.pool.HikariPool        : HikariPool-8 - Added connection com.mysql.cj.jdbc.ConnectionImpl@1640b3d9
2026-04-18T23:02:52.215+01:00  INFO 35852 --- [recruti_backend] [  restartedMain] com.zaxxer.hikari.HikariDataSource       : HikariPool-8 - Start completed.
2026-04-18T23:02:52.217+01:00  INFO 35852 --- [recruti_backend] [  restartedMain] org.hibernate.orm.connections.pooling    : HHH10001005: Database info:
	Database JDBC URL [jdbc:mysql://127.0.0.1:3306/springBase]
	Database driver: MySQL Connector/J
	Database dialect: MySQLDialect
	Database version: 8.0.41
	Default catalog/schema: springBase/undefined
	Autocommit mode: undefined/unknown
	Isolation level: REPEATABLE_READ [default REPEATABLE_READ]
	JDBC fetch size: none
	Pool: DataSourceConnectionProvider
	Minimum pool size: undefined/unknown
	Maximum pool size: undefined/unknown
2026-04-18T23:02:52.429+01:00  INFO 35852 --- [recruti_backend] [  restartedMain] org.hibernate.orm.core                   : HHH000489: No JTA platform available (set 'hibernate.transaction.jta.platform' to enable JTA platform integration)
2026-04-18T23:02:52.457+01:00  INFO 35852 --- [recruti_backend] [  restartedMain] j.LocalContainerEntityManagerFactoryBean : Initialized JPA EntityManagerFactory for persistence unit 'default'
2026-04-18T23:02:52.638+01:00  INFO 35852 --- [recruti_backend] [  restartedMain] r$InitializeUserDetailsManagerConfigurer : Global AuthenticationManager configured with UserDetailsService bean with name userDetailsServiceImpl
2026-04-18T23:02:52.853+01:00  WARN 35852 --- [recruti_backend] [  restartedMain] JpaBaseConfiguration$JpaWebConfiguration : spring.jpa.open-in-view is enabled by default. Therefore, database queries may be performed during view rendering. Explicitly configure spring.jpa.open-in-view to disable this warning
2026-04-18T23:02:53.280+01:00  INFO 35852 --- [recruti_backend] [  restartedMain] o.s.boot.tomcat.TomcatWebServer          : Tomcat started on port 8082 (http) with context path '/'
2026-04-18T23:02:53.290+01:00  INFO 35852 --- [recruti_backend] [  restartedMain] t.r.r.RecrutiBackendApplication          : Started RecrutiBackendApplication in 1.893 seconds (process running for 1752.131)
2026-04-18T23:02:53.291+01:00  INFO 35852 --- [recruti_backend] [  restartedMain] .ConditionEvaluationDeltaLoggingListener : Condition evaluation unchanged
