[INFO] Scanning for projects...
[INFO] 
[INFO] ---------------------< tn.recruti:recruti-backend >---------------------
[INFO] Building recruti_backend 0.0.1-SNAPSHOT
[INFO]   from pom.xml
[INFO] --------------------------------[ jar ]---------------------------------
[INFO] 
[INFO] >>> spring-boot:4.0.3:run (default-cli) > test-compile @ recruti-backend >>>
[INFO] 
[INFO] --- resources:3.3.1:resources (default-resources) @ recruti-backend ---
[INFO] Copying 1 resource from src\main\resources to target\classes
[INFO] Copying 1 resource from src\main\resources to target\classes
[INFO] 
[INFO] --- compiler:3.14.1:compile (default-compile) @ recruti-backend ---
[INFO] Nothing to compile - all classes are up to date.
[INFO] 
[INFO] --- resources:3.3.1:testResources (default-testResources) @ recruti-backend ---
[INFO] skip non existing resourceDirectory C:\Users\moham\Desktop\PFA\Recruti-tn\src\backend\recruti_backend\src\test\resources
[INFO] 
[INFO] --- compiler:3.14.1:testCompile (default-testCompile) @ recruti-backend ---
[INFO] Nothing to compile - all classes are up to date.
[INFO] 
[INFO] <<< spring-boot:4.0.3:run (default-cli) < test-compile @ recruti-backend <<<
[INFO] 
[INFO] 
[INFO] --- spring-boot:4.0.3:run (default-cli) @ recruti-backend ---
[INFO] Attaching agents: []

  .   ____          _            __ _ _
 /\\ / ___'_ __ _ _(_)_ __  __ _ \ \ \ \
( ( )\___ | '_ | '_| | '_ \/ _` | \ \ \ \
 \\/  ___)| |_)| | | | | || (_| |  ) ) ) )
  '  |____| .__|_| |_|_| |_\__, | / / / /
 =========|_|==============|___/=/_/_/_/

 :: Spring Boot ::                (v4.0.3)

2026-04-18T22:17:05.203+01:00  INFO 29796 --- [recruti_backend] [  restartedMain] t.r.r.RecrutiBackendApplication          : Starting RecrutiBackendApplication using Java 24 with PID 29796 (C:\Users\moham\Desktop\PFA\Recruti-tn\src\backend\recruti_backend\target\classes started by moham in C:\Users\moham\Desktop\PFA\Recruti-tn\src\backend\recruti_backend)
2026-04-18T22:17:05.207+01:00  INFO 29796 --- [recruti_backend] [  restartedMain] t.r.r.RecrutiBackendApplication          : No active profile set, falling back to 1 default profile: "default"
2026-04-18T22:17:05.298+01:00  INFO 29796 --- [recruti_backend] [  restartedMain] .e.DevToolsPropertyDefaultsPostProcessor : Devtools property defaults active! Set 'spring.devtools.add-properties' to 'false' to disable
2026-04-18T22:17:05.298+01:00  INFO 29796 --- [recruti_backend] [  restartedMain] .e.DevToolsPropertyDefaultsPostProcessor : For additional web related logging consider setting the 'logging.level.web' property to 'DEBUG'
2026-04-18T22:17:06.694+01:00  INFO 29796 --- [recruti_backend] [  restartedMain] .s.d.r.c.RepositoryConfigurationDelegate : Bootstrapping Spring Data JPA repositories in DEFAULT mode.
2026-04-18T22:17:06.879+01:00  INFO 29796 --- [recruti_backend] [  restartedMain] .s.d.r.c.RepositoryConfigurationDelegate : Finished Spring Data repository scanning in 165 ms. Found 8 JPA repository interfaces.
2026-04-18T22:17:08.299+01:00  INFO 29796 --- [recruti_backend] [  restartedMain] o.s.boot.tomcat.TomcatWebServer          : Tomcat initialized with port 8081 (http)
2026-04-18T22:17:08.324+01:00  INFO 29796 --- [recruti_backend] [  restartedMain] o.apache.catalina.core.StandardService   : Starting service [Tomcat]
2026-04-18T22:17:08.328+01:00  INFO 29796 --- [recruti_backend] [  restartedMain] o.apache.catalina.core.StandardEngine    : Starting Servlet engine: [Apache Tomcat/11.0.18]
2026-04-18T22:17:08.428+01:00  INFO 29796 --- [recruti_backend] [  restartedMain] b.w.c.s.WebApplicationContextInitializer : Root WebApplicationContext: initialization completed in 3129 ms
2026-04-18T22:17:08.692+01:00  INFO 29796 --- [recruti_backend] [  restartedMain] org.hibernate.orm.jpa                    : HHH008540: Processing PersistenceUnitInfo [name: default]
2026-04-18T22:17:08.811+01:00  INFO 29796 --- [recruti_backend] [  restartedMain] org.hibernate.orm.core                   : HHH000001: Hibernate ORM core version 7.2.4.Final
2026-04-18T22:17:09.744+01:00  INFO 29796 --- [recruti_backend] [  restartedMain] o.s.o.j.p.SpringPersistenceUnitInfo      : No LoadTimeWeaver setup: ignoring JPA class transformer
2026-04-18T22:17:09.817+01:00  INFO 29796 --- [recruti_backend] [  restartedMain] com.zaxxer.hikari.HikariDataSource       : HikariPool-1 - Starting...
2026-04-18T22:17:10.595+01:00  INFO 29796 --- [recruti_backend] [  restartedMain] com.zaxxer.hikari.pool.HikariPool        : HikariPool-1 - Added connection com.mysql.cj.jdbc.ConnectionImpl@6fac85bb
2026-04-18T22:17:10.595+01:00  INFO 29796 --- [recruti_backend] [  restartedMain] com.zaxxer.hikari.HikariDataSource       : HikariPool-1 - Start completed.
2026-04-18T22:17:10.750+01:00  INFO 29796 --- [recruti_backend] [  restartedMain] org.hibernate.orm.connections.pooling    : HHH10001005: Database info:
	Database JDBC URL [jdbc:mysql://127.0.0.1:3306/springBase]
	Database driver: MySQL Connector/J
	Database dialect: MySQLDialect
	Database version: 8.0.41
	Default catalog/schema: springBase/undefined
	Autocommit mode: undefined/unknown
	Isolation level: REPEATABLE_READ [default REPEATABLE_READ]
	JDBC fetch size: none
	Pool: DataSourceConnectionProvider
	Minimum pool size: undefined/unknown
	Maximum pool size: undefined/unknown
2026-04-18T22:17:13.015+01:00  INFO 29796 --- [recruti_backend] [  restartedMain] org.hibernate.orm.core                   : HHH000489: No JTA platform available (set 'hibernate.transaction.jta.platform' to enable JTA platform integration)
2026-04-18T22:17:13.161+01:00  INFO 29796 --- [recruti_backend] [  restartedMain] j.LocalContainerEntityManagerFactoryBean : Initialized JPA EntityManagerFactory for persistence unit 'default'
2026-04-18T22:17:13.289+01:00  INFO 29796 --- [recruti_backend] [  restartedMain] o.s.d.j.r.query.QueryEnhancerFactories   : Hibernate is in classpath; If applicable, HQL parser will be used.
2026-04-18T22:17:13.826+01:00  INFO 29796 --- [recruti_backend] [  restartedMain] r$InitializeUserDetailsManagerConfigurer : Global AuthenticationManager configured with UserDetailsService bean with name userDetailsServiceImpl
2026-04-18T22:17:15.546+01:00  WARN 29796 --- [recruti_backend] [  restartedMain] JpaBaseConfiguration$JpaWebConfiguration : spring.jpa.open-in-view is enabled by default. Therefore, database queries may be performed during view rendering. Explicitly configure spring.jpa.open-in-view to disable this warning
2026-04-18T22:17:16.473+01:00  WARN 29796 --- [recruti_backend] [  restartedMain] ConfigServletWebServerApplicationContext : Exception encountered during context initialization - cancelling refresh attempt: org.springframework.context.ApplicationContextException: Failed to start bean 'webServerStartStop'
2026-04-18T22:17:16.480+01:00  INFO 29796 --- [recruti_backend] [  restartedMain] j.LocalContainerEntityManagerFactoryBean : Closing JPA EntityManagerFactory for persistence unit 'default'
2026-04-18T22:17:16.485+01:00  INFO 29796 --- [recruti_backend] [  restartedMain] com.zaxxer.hikari.HikariDataSource       : HikariPool-1 - Shutdown initiated...
2026-04-18T22:17:16.494+01:00  INFO 29796 --- [recruti_backend] [  restartedMain] com.zaxxer.hikari.HikariDataSource       : HikariPool-1 - Shutdown completed.
2026-04-18T22:17:16.509+01:00  INFO 29796 --- [recruti_backend] [  restartedMain] .s.b.a.l.ConditionEvaluationReportLogger : 

Error starting ApplicationContext. To display the condition evaluation report re-run your application with 'debug' enabled.
2026-04-18T22:17:16.530+01:00 ERROR 29796 --- [recruti_backend] [  restartedMain] o.s.b.d.LoggingFailureAnalysisReporter   : 

***************************
APPLICATION FAILED TO START
***************************

Description:

Web server failed to start. Port 8081 was already in use.

Action:

Identify and stop the process that's listening on port 8081 or configure this application to listen on another port.

[INFO] ------------------------------------------------------------------------
[INFO] BUILD SUCCESS
[INFO] ------------------------------------------------------------------------
[INFO] Total time:  15.650 s
[INFO] Finished at: 2026-04-18T22:17:16+01:00
[INFO] ------------------------------------------------------------------------
