[INFO] Scanning for projects...
[INFO] 
[INFO] ---------------------< tn.recruti:recruti-backend >---------------------
[INFO] Building recruti_backend 0.0.1-SNAPSHOT
[INFO]   from pom.xml
[INFO] --------------------------------[ jar ]---------------------------------
[INFO] 
[INFO] >>> spring-boot:4.0.3:run (default-cli) > test-compile @ recruti-backend >>>
[INFO] 
[INFO] --- resources:3.3.1:resources (default-resources) @ recruti-backend ---
[INFO] Copying 1 resource from src\main\resources to target\classes
[INFO] Copying 1 resource from src\main\resources to target\classes
[INFO] 
[INFO] --- compiler:3.14.1:compile (default-compile) @ recruti-backend ---
[INFO] Nothing to compile - all classes are up to date.
[INFO] 
[INFO] --- resources:3.3.1:testResources (default-testResources) @ recruti-backend ---
[INFO] skip non existing resourceDirectory C:\Users\moham\Desktop\PFA\Recruti-tn\src\backend\recruti_backend\src\test\resources
[INFO] 
[INFO] --- compiler:3.14.1:testCompile (default-testCompile) @ recruti-backend ---
[INFO] Nothing to compile - all classes are up to date.
[INFO] 
[INFO] <<< spring-boot:4.0.3:run (default-cli) < test-compile @ recruti-backend <<<
[INFO] 
[INFO] 
[INFO] --- spring-boot:4.0.3:run (default-cli) @ recruti-backend ---
[INFO] Attaching agents: []

  .   ____          _            __ _ _
 /\\ / ___'_ __ _ _(_)_ __  __ _ \ \ \ \
( ( )\___ | '_ | '_| | '_ \/ _` | \ \ \ \
 \\/  ___)| |_)| | | | | || (_| |  ) ) ) )
  '  |____| .__|_| |_|_| |_\__, | / / / /
 =========|_|==============|___/=/_/_/_/

 :: Spring Boot ::                (v4.0.3)

2026-04-18T23:05:44.034+01:00  INFO 36852 --- [recruti_backend] [  restartedMain] t.r.r.RecrutiBackendApplication          : Starting RecrutiBackendApplication using Java 24 with PID 36852 (C:\Users\moham\Desktop\PFA\Recruti-tn\src\backend\recruti_backend\target\classes started by moham in C:\Users\moham\Desktop\PFA\Recruti-tn\src\backend\recruti_backend)
2026-04-18T23:05:44.037+01:00  INFO 36852 --- [recruti_backend] [  restartedMain] t.r.r.RecrutiBackendApplication          : No active profile set, falling back to 1 default profile: "default"
2026-04-18T23:05:44.086+01:00  INFO 36852 --- [recruti_backend] [  restartedMain] .e.DevToolsPropertyDefaultsPostProcessor : Devtools property defaults active! Set 'spring.devtools.add-properties' to 'false' to disable
2026-04-18T23:05:44.086+01:00  INFO 36852 --- [recruti_backend] [  restartedMain] .e.DevToolsPropertyDefaultsPostProcessor : For additional web related logging consider setting the 'logging.level.web' property to 'DEBUG'
2026-04-18T23:05:44.723+01:00  INFO 36852 --- [recruti_backend] [  restartedMain] .s.d.r.c.RepositoryConfigurationDelegate : Bootstrapping Spring Data JPA repositories in DEFAULT mode.
2026-04-18T23:05:44.786+01:00  INFO 36852 --- [recruti_backend] [  restartedMain] .s.d.r.c.RepositoryConfigurationDelegate : Finished Spring Data repository scanning in 54 ms. Found 8 JPA repository interfaces.
2026-04-18T23:05:45.347+01:00  INFO 36852 --- [recruti_backend] [  restartedMain] o.s.boot.tomcat.TomcatWebServer          : Tomcat initialized with port 9091 (http)
2026-04-18T23:05:45.361+01:00  INFO 36852 --- [recruti_backend] [  restartedMain] o.apache.catalina.core.StandardService   : Starting service [Tomcat]
2026-04-18T23:05:45.362+01:00  INFO 36852 --- [recruti_backend] [  restartedMain] o.apache.catalina.core.StandardEngine    : Starting Servlet engine: [Apache Tomcat/11.0.18]
2026-04-18T23:05:45.410+01:00  INFO 36852 --- [recruti_backend] [  restartedMain] b.w.c.s.WebApplicationContextInitializer : Root WebApplicationContext: initialization completed in 1323 ms
2026-04-18T23:05:45.552+01:00  INFO 36852 --- [recruti_backend] [  restartedMain] org.hibernate.orm.jpa                    : HHH008540: Processing PersistenceUnitInfo [name: default]
2026-04-18T23:05:45.626+01:00  INFO 36852 --- [recruti_backend] [  restartedMain] org.hibernate.orm.core                   : HHH000001: Hibernate ORM core version 7.2.4.Final
2026-04-18T23:05:46.126+01:00  INFO 36852 --- [recruti_backend] [  restartedMain] o.s.o.j.p.SpringPersistenceUnitInfo      : No LoadTimeWeaver setup: ignoring JPA class transformer
2026-04-18T23:05:46.162+01:00  INFO 36852 --- [recruti_backend] [  restartedMain] com.zaxxer.hikari.HikariDataSource       : HikariPool-1 - Starting...
2026-04-18T23:05:46.823+01:00  INFO 36852 --- [recruti_backend] [  restartedMain] com.zaxxer.hikari.pool.HikariPool        : HikariPool-1 - Added connection com.mysql.cj.jdbc.ConnectionImpl@40d6773d
2026-04-18T23:05:46.826+01:00  INFO 36852 --- [recruti_backend] [  restartedMain] com.zaxxer.hikari.HikariDataSource       : HikariPool-1 - Start completed.
2026-04-18T23:05:46.973+01:00  INFO 36852 --- [recruti_backend] [  restartedMain] org.hibernate.orm.connections.pooling    : HHH10001005: Database info:
	Database JDBC URL [jdbc:mysql://127.0.0.1:3306/springBase]
	Database driver: MySQL Connector/J
	Database dialect: MySQLDialect
	Database version: 8.0.41
	Default catalog/schema: springBase/undefined
	Autocommit mode: undefined/unknown
	Isolation level: REPEATABLE_READ [default REPEATABLE_READ]
	JDBC fetch size: none
	Pool: DataSourceConnectionProvider
	Minimum pool size: undefined/unknown
	Maximum pool size: undefined/unknown
2026-04-18T23:05:49.004+01:00  INFO 36852 --- [recruti_backend] [  restartedMain] org.hibernate.orm.core                   : HHH000489: No JTA platform available (set 'hibernate.transaction.jta.platform' to enable JTA platform integration)
2026-04-18T23:05:49.139+01:00  INFO 36852 --- [recruti_backend] [  restartedMain] j.LocalContainerEntityManagerFactoryBean : Initialized JPA EntityManagerFactory for persistence unit 'default'
2026-04-18T23:05:49.274+01:00  INFO 36852 --- [recruti_backend] [  restartedMain] o.s.d.j.r.query.QueryEnhancerFactories   : Hibernate is in classpath; If applicable, HQL parser will be used.
2026-04-18T23:05:49.758+01:00  INFO 36852 --- [recruti_backend] [  restartedMain] r$InitializeUserDetailsManagerConfigurer : Global AuthenticationManager configured with UserDetailsService bean with name userDetailsServiceImpl
2026-04-18T23:05:51.352+01:00  WARN 36852 --- [recruti_backend] [  restartedMain] JpaBaseConfiguration$JpaWebConfiguration : spring.jpa.open-in-view is enabled by default. Therefore, database queries may be performed during view rendering. Explicitly configure spring.jpa.open-in-view to disable this warning
2026-04-18T23:05:52.507+01:00  INFO 36852 --- [recruti_backend] [  restartedMain] o.s.boot.tomcat.TomcatWebServer          : Tomcat started on port 9091 (http) with context path '/'
2026-04-18T23:05:52.515+01:00  INFO 36852 --- [recruti_backend] [  restartedMain] t.r.r.RecrutiBackendApplication          : Started RecrutiBackendApplication in 8.831 seconds (process running for 9.293)
2026-04-18T23:06:18.444+01:00  INFO 36852 --- [recruti_backend] [nio-9091-exec-2] o.a.c.c.C.[Tomcat].[localhost].[/]       : Initializing Spring DispatcherServlet 'dispatcherServlet'
2026-04-18T23:06:18.445+01:00  INFO 36852 --- [recruti_backend] [nio-9091-exec-2] o.s.web.servlet.DispatcherServlet        : Initializing Servlet 'dispatcherServlet'
2026-04-18T23:06:18.447+01:00  INFO 36852 --- [recruti_backend] [nio-9091-exec-2] o.s.web.servlet.DispatcherServlet        : Completed initialization in 2 ms
Hibernate: 
    select
        o1_0.id,
        o1_0.available,
        o1_0.date_emission,
        o1_0.description,
        q1_0.id,
        q1_0.contenu,
        q1_0.vraies_reponses,
        r1_0.id,
        r1_0.cv_generique,
        r1_0.date_naissance,
        r1_0.email,
        r1_0.gouvernorat,
        r1_0.nom,
        r1_0.nom_societe,
        r1_0.password,
        r1_0.poste,
        r1_0.prenom,
        r1_0.role,
        r1_0.sexe,
        r1_0.skills,
        o1_0.tags,
        o1_0.titre 
    from
        offres o1_0 
    left join
        quiz q1_0 
            on q1_0.id=o1_0.quiz_id 
    left join
        users r1_0 
            on r1_0.id=o1_0.recruteur_id 
    where
        o1_0.id=?
Hibernate: 
    select
        o1_0.id,
        o1_0.available,
        o1_0.date_emission,
        o1_0.description,
        o1_0.quiz_id,
        o1_0.recruteur_id,
        o1_0.tags,
        o1_0.titre 
    from
        offres o1_0 
    order by
        o1_0.date_emission desc 
    limit
        ?, ?
Hibernate: 
    select
        q1_0.id,
        q1_0.contenu,
        o1_0.id,
        o1_0.available,
        o1_0.date_emission,
        o1_0.description,
        r1_0.id,
        r1_0.cv_generique,
        r1_0.date_naissance,
        r1_0.email,
        r1_0.gouvernorat,
        r1_0.nom,
        r1_0.nom_societe,
        r1_0.password,
        r1_0.poste,
        r1_0.prenom,
        r1_0.role,
        r1_0.sexe,
        r1_0.skills,
        o1_0.tags,
        o1_0.titre,
        q1_0.vraies_reponses 
    from
        quiz q1_0 
    left join
        offres o1_0 
            on q1_0.id=o1_0.quiz_id 
    left join
        users r1_0 
            on r1_0.id=o1_0.recruteur_id 
    where
        q1_0.id=?
Hibernate: 
    select
        q1_0.id,
        q1_0.contenu,
        o1_0.id,
        o1_0.available,
        o1_0.date_emission,
        o1_0.description,
        r1_0.id,
        r1_0.cv_generique,
        r1_0.date_naissance,
        r1_0.email,
        r1_0.gouvernorat,
        r1_0.nom,
        r1_0.nom_societe,
        r1_0.password,
        r1_0.poste,
        r1_0.prenom,
        r1_0.role,
        r1_0.sexe,
        r1_0.skills,
        o1_0.tags,
        o1_0.titre,
        q1_0.vraies_reponses 
    from
        quiz q1_0 
    left join
        offres o1_0 
            on q1_0.id=o1_0.quiz_id 
    left join
        users r1_0 
            on r1_0.id=o1_0.recruteur_id 
    where
        q1_0.id=?
Hibernate: 
    select
        o1_0.id,
        o1_0.available,
        o1_0.date_emission,
        o1_0.description,
        q1_0.id,
        q1_0.contenu,
        q1_0.vraies_reponses,
        r1_0.id,
        r1_0.cv_generique,
        r1_0.date_naissance,
        r1_0.email,
        r1_0.gouvernorat,
        r1_0.nom,
        r1_0.nom_societe,
        r1_0.password,
        r1_0.poste,
        r1_0.prenom,
        r1_0.role,
        r1_0.sexe,
        r1_0.skills,
        o1_0.tags,
        o1_0.titre 
    from
        offres o1_0 
    left join
        quiz q1_0 
            on q1_0.id=o1_0.quiz_id 
    left join
        users r1_0 
            on r1_0.id=o1_0.recruteur_id 
    where
        o1_0.id=?
Hibernate: 
    insert 
    into
        quiz
        (contenu, vraies_reponses) 
    values
        (?, ?)
Hibernate: 
    update
        offres 
    set
        available=?,
        date_emission=?,
        description=?,
        quiz_id=?,
        recruteur_id=?,
        tags=?,
        titre=? 
    where
        id=?
Terminate batch job (Y/N)? 